C51 COMPILER V9.60.0.0   MAIN                                                              09/22/2020 20:14:18 PAGE 1   


C51 COMPILER V9.60.0.0, COMPILATION OF MODULE MAIN
OBJECT MODULE PLACED IN .\Objects\main.obj
COMPILER INVOKED BY: C:\Keil_v5\C51\BIN\C51.EXE main.c OPTIMIZE(8,SPEED) BROWSE DEBUG OBJECTEXTEND PRINT(.\Listings\main
                    -.lst) TABS(2) OBJECT(.\Objects\main.obj)

line level    source

   1          #include <reg52.h>
   2          #include <init.h>
   3          #include <util.h>
   4          
   5          void main () {
   6   1        
   7   1          init_timer_0();
*** WARNING C206 IN LINE 7 OF main.c: 'init_timer_0': missing function-prototype
   8   1          while(1) {
   9   2            P2 = 0xFF;
  10   2            delay(1000);
  11   2            P2 = 0x00;
  12   2            delay(1000);
  13   2          }
  14   1      }


MODULE INFORMATION:   STATIC OVERLAYABLE
   CODE SIZE        =     25    ----
   CONSTANT SIZE    =   ----    ----
   XDATA SIZE       =   ----    ----
   PDATA SIZE       =   ----    ----
   DATA SIZE        =   ----    ----
   IDATA SIZE       =   ----    ----
   BIT SIZE         =   ----    ----
END OF MODULE INFORMATION.


C51 COMPILATION COMPLETE.  1 WARNING(S),  0 ERROR(S)
